<?xml version="1.0" encoding="UTF-8"?>
<testng-results ignored="0" total="1" passed="1" failed="0" skipped="0">
  <reporter-output>
  </reporter-output>
  <suite started-at="2021-01-23T13:36:10 IST" name="Default suite" finished-at="2021-01-23T13:36:26 IST" duration-ms="15660">
    <groups>
    </groups>
    <test started-at="2021-01-23T13:36:10 IST" name="Default test" finished-at="2021-01-23T13:36:26 IST" duration-ms="15660">
      <class name="tests.SpiceJetTest">
        <test-method signature="testdata(java.lang.String, java.lang.String, java.lang.String, java.lang.String, java.lang.String, java.lang.String, java.lang.String, java.lang.String, java.lang.String, java.lang.String)[pri:0, instance:tests.SpiceJetTest@55536d9e]" started-at="2021-01-23T13:36:12 IST" name="testdata" data-provider="readdata2" finished-at="2021-01-23T13:36:26 IST" duration-ms="14123" status="PASS">
          <params>
            <param index="0">
              <value>
                <![CDATA[MS]]>
              </value>
            </param>
            <param index="1">
              <value>
                <![CDATA[Jagruti]]>
              </value>
            </param>
            <param index="2">
              <value>
                <![CDATA[Waikar]]>
              </value>
            </param>
            <param index="3">
              <value>
                <![CDATA[9632587410]]>
              </value>
            </param>
            <param index="4">
              <value>
                <![CDATA[Jagruti@123]]>
              </value>
            </param>
            <param index="5">
              <value>
                <![CDATA[Jagruti@123]]>
              </value>
            </param>
            <param index="6">
              <value>
                <![CDATA[1996]]>
              </value>
            </param>
            <param index="7">
              <value>
                <![CDATA[Jun]]>
              </value>
            </param>
            <param index="8">
              <value>
                <![CDATA[9]]>
              </value>
            </param>
            <param index="9">
              <value>
                <![CDATA[Jagruti@qwe.com]]>
              </value>
            </param>
          </params>
          <reporter-output>
          </reporter-output>
        </test-method> <!-- testdata -->
      </class> <!-- tests.SpiceJetTest -->
    </test> <!-- Default test -->
  </suite> <!-- Default suite -->
</testng-results>
