<?xml version="1.0" encoding="UTF-8"?>
<testng-results ignored="0" total="6" passed="6" failed="0" skipped="0">
  <reporter-output>
  </reporter-output>
  <suite started-at="2021-01-06T22:53:28 IST" name="Suite" finished-at="2021-01-06T22:53:28 IST" duration-ms="75">
    <groups>
    </groups>
    <test started-at="2021-01-06T22:53:28 IST" name="Test" finished-at="2021-01-06T22:53:28 IST" duration-ms="75">
      <class name="TestNG.DataProviderTest">
        <test-method signature="demo(java.lang.String)[pri:0, instance:TestNG.DataProviderTest@7748410a]" started-at="2021-01-06T22:53:28 IST" name="demo" data-provider="dataprovider" finished-at="2021-01-06T22:53:28 IST" duration-ms="0" status="PASS">
          <params>
            <param index="0">
              <value>
                <![CDATA[Akash]]>
              </value>
            </param>
          </params>
          <reporter-output>
          </reporter-output>
        </test-method> <!-- demo -->
        <test-method signature="demo(java.lang.String)[pri:0, instance:TestNG.DataProviderTest@7748410a]" started-at="2021-01-06T22:53:28 IST" name="demo" data-provider="dataprovider" finished-at="2021-01-06T22:53:28 IST" duration-ms="0" status="PASS">
          <params>
            <param index="0">
              <value>
                <![CDATA[Jaggu]]>
              </value>
            </param>
          </params>
          <reporter-output>
          </reporter-output>
        </test-method> <!-- demo -->
        <test-method signature="demo(java.lang.String)[pri:0, instance:TestNG.DataProviderTest@7748410a]" started-at="2021-01-06T22:53:28 IST" name="demo" data-provider="dataprovider" finished-at="2021-01-06T22:53:28 IST" duration-ms="1" status="PASS">
          <params>
            <param index="0">
              <value>
                <![CDATA[Ashlesha]]>
              </value>
            </param>
          </params>
          <reporter-output>
          </reporter-output>
        </test-method> <!-- demo -->
        <test-method signature="demo(java.lang.String)[pri:0, instance:TestNG.DataProviderTest@7748410a]" started-at="2021-01-06T22:53:28 IST" name="demo" data-provider="dataprovider" finished-at="2021-01-06T22:53:28 IST" duration-ms="1" status="PASS">
          <params>
            <param index="0">
              <value>
                <![CDATA[Parag]]>
              </value>
            </param>
          </params>
          <reporter-output>
          </reporter-output>
        </test-method> <!-- demo -->
        <test-method signature="demo(java.lang.String)[pri:0, instance:TestNG.DataProviderTest@7748410a]" started-at="2021-01-06T22:53:28 IST" name="demo" data-provider="dataprovider" finished-at="2021-01-06T22:53:28 IST" duration-ms="1" status="PASS">
          <params>
            <param index="0">
              <value>
                <![CDATA[Maduri]]>
              </value>
            </param>
          </params>
          <reporter-output>
          </reporter-output>
        </test-method> <!-- demo -->
      </class> <!-- TestNG.DataProviderTest -->
      <class name="TestNG.PropertiesTest">
        <test-method signature="demo()[pri:0, instance:TestNG.PropertiesTest@7c83dc97]" started-at="2021-01-06T22:53:28 IST" name="demo" finished-at="2021-01-06T22:53:28 IST" duration-ms="8" status="PASS">
          <reporter-output>
          </reporter-output>
        </test-method> <!-- demo -->
      </class> <!-- TestNG.PropertiesTest -->
    </test> <!-- Test -->
  </suite> <!-- Suite -->
</testng-results>
