<?xml version="1.0" encoding="UTF-8"?>
<!-- Generated by org.testng.reporters.JUnitXMLReporter -->
<testsuite ignored="0" hostname="DESKTOP-9VMNN2G" failures="0" tests="6" name="Test" time="33.482" errors="0" timestamp="12 Jan 2021 12:12:07 GMT">
  <testcase classname="AutomationDemo" name="validateurl" time="0.029"/>
  <testcase classname="AutomationDemo" name="validatetitle" time="0.055"/>
  <testcase classname="AutomationDemo" name="webtable" time="0.117"/>
  <testcase classname="AutomationDemo" name="webelement" time="10.038"/>
  <testcase classname="AutomationDemo" name="getattribute" time="0.093"/>
  <testcase classname="AutomationDemo" name="vertical" time="0.104"/>
</testsuite> <!-- Test -->
