<?xml version="1.0" encoding="UTF-8"?>
<!-- Generated by org.testng.reporters.JUnitXMLReporter -->
<testsuite ignored="3" hostname="DESKTOP-9VMNN2G" failures="0" tests="1" name="Test" time="0.092" errors="0" timestamp="2021-01-16T02:38:29 IST">
  <testcase classname="tests.ExcelTest" name="assd" time="0.01"/>
  <testcase classname="tests.TestCode" name="testdemo" time="0.0">
    <ignored/>
  </testcase> <!-- testdemo -->
  <testcase classname="tests.SpiceJetTest" name="testdata" time="0.0">
    <ignored/>
  </testcase> <!-- testdata -->
  <testcase classname="tests.ExcelTest" name="read" time="0.0">
    <ignored/>
  </testcase> <!-- read -->
</testsuite> <!-- Test -->
