<?xml version="1.0" encoding="UTF-8"?>
<!-- Generated by org.testng.reporters.JUnitXMLReporter -->
<testsuite ignored="0" hostname="DESKTOP-9VMNN2G" failures="0" tests="5" name="Default test" time="79.917" errors="0" timestamp="2021-01-18T23:51:58 IST">
  <testcase classname="DemoTests.RegTest" name="register" time="15.148"/>
  <testcase classname="DemoTests.RegTest" name="register" time="16.458"/>
  <testcase classname="DemoTests.RegTest" name="register" time="16.124"/>
  <testcase classname="DemoTests.RegTest" name="register" time="15.805"/>
  <testcase classname="DemoTests.RegTest" name="register" time="16.303"/>
</testsuite> <!-- Default test -->
