<?xml version="1.0" encoding="UTF-8"?>
<!-- Generated by org.testng.reporters.JUnitXMLReporter -->
<testsuite ignored="1" hostname="DESKTOP-9VMNN2G" failures="5" tests="7" name="Test" time="0.252" errors="0" timestamp="2021-01-19T00:20:23 IST">
  <testcase classname="DemoTests.ValidateUT" name="validatetitle" time="0.032"/>
  <testcase classname="DemoTests.ValidateUT" name="validateurl" time="0.009"/>
  <testcase classname="DemoTests.RegTest" name="register" time="0.064">
    <failure type="java.lang.NullPointerException">
      <![CDATA[java.lang.NullPointerException
at org.openqa.selenium.support.pagefactory.DefaultElementLocator.findElement(DefaultElementLocator.java:69)
at org.openqa.selenium.support.pagefactory.internal.LocatingElementHandler.invoke(LocatingElementHandler.java:38)
at com.sun.proxy.$Proxy12.sendKeys(Unknown Source)
at DemoRepos.LoginRepo.regUser(LoginRepo.java:40)
at DemoTests.RegTest.register(RegTest.java:18)
at java.base/java.util.ArrayList.forEach(ArrayList.java:1541)
... Removed 27 stack frames]]>
    </failure>
  </testcase> <!-- register -->
  <testcase classname="DemoTests.RegTest" name="register" time="0.005">
    <failure type="java.lang.NullPointerException">
      <![CDATA[java.lang.NullPointerException
at org.openqa.selenium.support.pagefactory.DefaultElementLocator.findElement(DefaultElementLocator.java:69)
at org.openqa.selenium.support.pagefactory.internal.LocatingElementHandler.invoke(LocatingElementHandler.java:38)
at com.sun.proxy.$Proxy12.sendKeys(Unknown Source)
at DemoRepos.LoginRepo.regUser(LoginRepo.java:40)
at DemoTests.RegTest.register(RegTest.java:18)
at java.base/java.util.ArrayList.forEach(ArrayList.java:1541)
... Removed 27 stack frames]]>
    </failure>
  </testcase> <!-- register -->
  <testcase classname="DemoTests.RegTest" name="register" time="0.004">
    <failure type="java.lang.NullPointerException">
      <![CDATA[java.lang.NullPointerException
at org.openqa.selenium.support.pagefactory.DefaultElementLocator.findElement(DefaultElementLocator.java:69)
at org.openqa.selenium.support.pagefactory.internal.LocatingElementHandler.invoke(LocatingElementHandler.java:38)
at com.sun.proxy.$Proxy12.sendKeys(Unknown Source)
at DemoRepos.LoginRepo.regUser(LoginRepo.java:40)
at DemoTests.RegTest.register(RegTest.java:18)
at java.base/java.util.ArrayList.forEach(ArrayList.java:1541)
... Removed 27 stack frames]]>
    </failure>
  </testcase> <!-- register -->
  <testcase classname="DemoTests.RegTest" name="register" time="0.009">
    <failure type="java.lang.NullPointerException">
      <![CDATA[java.lang.NullPointerException
at org.openqa.selenium.support.pagefactory.DefaultElementLocator.findElement(DefaultElementLocator.java:69)
at org.openqa.selenium.support.pagefactory.internal.LocatingElementHandler.invoke(LocatingElementHandler.java:38)
at com.sun.proxy.$Proxy12.sendKeys(Unknown Source)
at DemoRepos.LoginRepo.regUser(LoginRepo.java:40)
at DemoTests.RegTest.register(RegTest.java:18)
at java.base/java.util.ArrayList.forEach(ArrayList.java:1541)
... Removed 27 stack frames]]>
    </failure>
  </testcase> <!-- register -->
  <testcase classname="DemoTests.RegTest" name="register" time="0.008">
    <failure type="java.lang.NullPointerException">
      <![CDATA[java.lang.NullPointerException
at org.openqa.selenium.support.pagefactory.DefaultElementLocator.findElement(DefaultElementLocator.java:69)
at org.openqa.selenium.support.pagefactory.internal.LocatingElementHandler.invoke(LocatingElementHandler.java:38)
at com.sun.proxy.$Proxy12.sendKeys(Unknown Source)
at DemoRepos.LoginRepo.regUser(LoginRepo.java:40)
at DemoTests.RegTest.register(RegTest.java:18)
at java.base/java.util.ArrayList.forEach(ArrayList.java:1541)
... Removed 27 stack frames]]>
    </failure>
  </testcase> <!-- register -->
  <testcase classname="DemoTests.DemoReg" name="@BeforeSuite launchbrowser" time="0.0">
    <ignored/>
  </testcase> <!-- @BeforeSuite launchbrowser -->
</testsuite> <!-- Test -->
