<?xml version="1.0" encoding="UTF-8"?>
<!-- Generated by org.testng.reporters.JUnitXMLReporter -->
<testsuite ignored="0" hostname="DESKTOP-9VMNN2G" failures="0" tests="5" name="Test1" time="5.615" errors="0" timestamp="2021-01-18T23:47:32 IST">
  <testcase classname="DemoTests.RegTest" name="register" time="3.688"/>
  <testcase classname="DemoTests.RegTest" name="register" time="0.568"/>
  <testcase classname="DemoTests.RegTest" name="register" time="0.437"/>
  <testcase classname="DemoTests.RegTest" name="register" time="0.436"/>
  <testcase classname="DemoTests.RegTest" name="register" time="0.469"/>
</testsuite> <!-- Test1 -->
