<?xml version="1.0" encoding="UTF-8"?>
<!-- Generated by org.testng.reporters.JUnitXMLReporter -->
<testsuite ignored="0" hostname="DESKTOP-9VMNN2G" failures="0" tests="6" name="Test" time="0.075" errors="0" timestamp="2021-01-06T22:53:28 IST">
  <testcase classname="TestNG.PropertiesTest" name="demo" time="0.008"/>
  <testcase classname="TestNG.DataProviderTest" name="demo" time="0.0"/>
  <testcase classname="TestNG.DataProviderTest" name="demo" time="0.0"/>
  <testcase classname="TestNG.DataProviderTest" name="demo" time="0.001"/>
  <testcase classname="TestNG.DataProviderTest" name="demo" time="0.001"/>
  <testcase classname="TestNG.DataProviderTest" name="demo" time="0.001"/>
</testsuite> <!-- Test -->
