<?xml version="1.0" encoding="UTF-8"?>
<!-- Generated by org.testng.reporters.JUnitXMLReporter -->
<testsuite ignored="0" hostname="DESKTOP-9VMNN2G" failures="0" tests="4" name="Demo" time="0.047" errors="0" timestamp="2021-01-20T02:23:14 IST">
  <testcase classname="DDF.testng3" name="t5" time="0.003"/>
  <testcase classname="DDF.testng3" name="t6" time="0.011"/>
  <testcase classname="DDF.testng4" name="t7" time="0.003"/>
  <testcase classname="DDF.testng4" name="t8" time="0.003"/>
</testsuite> <!-- Demo -->
