<?xml version="1.0" encoding="UTF-8"?>
<!-- Generated by org.testng.reporters.JUnitXMLReporter -->
<testsuite ignored="0" hostname="DESKTOP-9VMNN2G" failures="0" tests="6" name="Sample" time="0.148" errors="0" timestamp="2021-01-20T02:23:14 IST">
  <testcase classname="TestNG.testng1" name="mno" time="0.019"/>
  <testcase classname="TestNG.testng1" name="xyz" time="0.003"/>
  <testcase classname="TestNG.testng1" name="pqr" time="0.002"/>
  <testcase classname="TestNG.testng1" name="abc" time="0.002"/>
  <testcase classname="TestNG.testng2" name="t3" time="0.001"/>
  <testcase classname="TestNG.testng2" name="t4" time="0.004"/>
</testsuite> <!-- Sample -->
