<?xml version="1.0" encoding="UTF-8"?>
<!-- Generated by org.testng.reporters.JUnitXMLReporter -->
<testsuite ignored="0" hostname="DESKTOP-9VMNN2G" failures="0" tests="4" name="Test" time="0.08" errors="0" timestamp="2021-01-20T01:41:02 IST">
  <testcase classname="TestNG.testng1" name="t1" time="0.007"/>
  <testcase classname="TestNG.testng1" name="t2" time="0.005"/>
  <testcase classname="TestNG.testng2" name="t3" time="0.002"/>
  <testcase classname="TestNG.testng2" name="t4" time="0.001"/>
</testsuite> <!-- Test -->
