<?xml version="1.0" encoding="UTF-8"?>
<!-- Generated by org.testng.reporters.JUnitXMLReporter -->
<testsuite ignored="3" hostname="DESKTOP-9VMNN2G" failures="1" tests="1" name="Default test(failed)" time="0.31" errors="0" timestamp="2021-01-20T20:10:51 IST">
  <testcase classname="TestNG.testng1" name="xyz" time="0.218">
    <failure type="org.testng.internal.thread.ThreadTimeoutException" message="Method TestNG.testng1.xyz() didn&amp;apos;t finish within the time-out 200">
      <![CDATA[org.testng.internal.thread.ThreadTimeoutException: Method TestNG.testng1.xyz() didn't finish within the time-out 200
at java.base/java.util.ArrayList.forEach(ArrayList.java:1541)
... Removed 24 stack frames]]>
    </failure>
  </testcase> <!-- xyz -->
  <testcase classname="TestNG.testng1" name="mno" time="0.0">
    <ignored/>
  </testcase> <!-- mno -->
  <testcase classname="TestNG.testng1" name="pqr" time="0.0">
    <ignored/>
  </testcase> <!-- pqr -->
  <testcase classname="TestNG.testng1" name="abc" time="0.0">
    <ignored/>
  </testcase> <!-- abc -->
</testsuite> <!-- Default test(failed) -->
